<?xml version="1.0" encoding="UTF-8"?>
<testsuite name="TestRunner.EMITestRunner" tests="6" skipped="0" failures="0" errors="0" timestamp="2023-07-03T10:54:00" hostname="DESKTOP-IB7ED16" time="60.707">
  <properties/>
  <testcase name="emptyFields" classname="TestRunner.EMITestRunner" time="5.144"/>
  <testcase name="emiCalculation[0](10000, 9, 2, 2, 456.85, 964.34, 200, 10964.34)" classname="TestRunner.EMITestRunner" time="4.362"/>
  <testcase name="emiCalculation[1](325000, 9.5, 5, 1.5, 6825.6, 84536.3, 4875, 409536.3)" classname="TestRunner.EMITestRunner" time="4.201"/>
  <testcase name="emiCalculation[2](450000, 11.0, 7, 1.8, 7705.1, 197228.1, 8100, 647228.1)" classname="TestRunner.EMITestRunner" time="3.926"/>
  <testcase name="emiCalculation[3](99000000, 9.5, 4, 1.25, 2487190.53, 2.038514546E7, 1237500, 1.1938514546E8)" classname="TestRunner.EMITestRunner" time="4.909"/>
  <testcase name="emiCalculation[4](50000, 14.25, 9, 2.2, 824.02, 38994.07, 1100, 88994.07)" classname="TestRunner.EMITestRunner" time="4.118"/>
  <system-out><![CDATA[]]></system-out>
  <system-err><![CDATA[]]></system-err>
</testsuite>
